app/build/intermediates/manifest_merge_blame_file/debug/manifest-merger-blame-debug-report.txt
1<?xml version="1.0" encoding="utf-8"?>
2<manifest xmlns:android="http://schemas.android.com/apk/res/android"
3    package="com.example.fitgenerator"
4    android:versionCode="1"
5    android:versionName="1.0" >
6
7    <uses-sdk
8        android:minSdkVersion="21"
8-->src/main/AndroidManifest.xml
9        android:targetSdkVersion="30" />
9-->src/main/AndroidManifest.xml
10
11    <uses-permission android:name="android.permission.INTERNET" />
11-->src/main/AndroidManifest.xml:5:5-66
11-->src/main/AndroidManifest.xml:5:22-64
12    <uses-permission android:name="android.permission.ACCESS_NETWORK_STATE" />
12-->src/main/AndroidManifest.xml:6:5-79
12-->src/main/AndroidManifest.xml:6:22-76
13
14    <application
14-->src/main/AndroidManifest.xml:8:5-43:19
15        android:name="com.example.fitgenerator.ParseApplication"
15-->src/main/AndroidManifest.xml:14:9-41
16        android:allowBackup="true"
16-->src/main/AndroidManifest.xml:9:9-35
17        android:appComponentFactory="androidx.core.app.CoreComponentFactory"
17-->[androidx.core:core:1.2.0] AndroidManifest.xml:24:18-86
18        android:debuggable="true"
19        android:icon="@drawable/ic_launching_icon_fg"
19-->src/main/AndroidManifest.xml:10:9-54
20        android:label="@string/app_name"
20-->src/main/AndroidManifest.xml:11:9-41
21        android:roundIcon="@drawable/ic_launching_icon_fg"
21-->src/main/AndroidManifest.xml:12:9-59
22        android:supportsRtl="true"
22-->src/main/AndroidManifest.xml:13:9-35
23        android:testOnly="true"
24        android:theme="@style/AppTheme" >
24-->src/main/AndroidManifest.xml:15:9-40
25
26        <!-- Used for taking pictures -->
27        <provider
27-->src/main/AndroidManifest.xml:18:9-26:20
28            android:name="androidx.core.content.FileProvider"
28-->src/main/AndroidManifest.xml:19:13-62
29            android:authorities="com.codepath.fileprovider.fitgenerator"
29-->src/main/AndroidManifest.xml:20:13-73
30            android:exported="false"
30-->src/main/AndroidManifest.xml:21:13-37
31            android:grantUriPermissions="true" >
31-->src/main/AndroidManifest.xml:22:13-47
32            <meta-data
32-->src/main/AndroidManifest.xml:23:13-25:56
33                android:name="android.support.FILE_PROVIDER_PATHS"
33-->src/main/AndroidManifest.xml:24:17-67
34                android:resource="@xml/fileprovider" />
34-->src/main/AndroidManifest.xml:25:17-53
35        </provider>
36
37        <activity android:name="com.example.fitgenerator.activities.ItemDetailsActivity" />
37-->src/main/AndroidManifest.xml:28:9-77
37-->src/main/AndroidManifest.xml:28:19-65
38        <activity android:name="com.example.fitgenerator.activities.CreateItemActivity" />
38-->src/main/AndroidManifest.xml:29:9-67
38-->src/main/AndroidManifest.xml:29:19-64
39        <activity android:name="com.example.fitgenerator.activities.RegisterActivity" />
39-->src/main/AndroidManifest.xml:30:9-65
39-->src/main/AndroidManifest.xml:30:19-62
40        <activity android:name="com.example.fitgenerator.activities.WelcomeActivity" >
40-->src/main/AndroidManifest.xml:31:9-37:20
40-->src/main/AndroidManifest.xml:31:19-61
41            <intent-filter>
41-->src/main/AndroidManifest.xml:32:13-36:29
42                <action android:name="android.intent.action.MAIN" />
42-->src/main/AndroidManifest.xml:33:17-69
42-->src/main/AndroidManifest.xml:33:25-66
43
44                <category android:name="android.intent.category.LAUNCHER" />
44-->src/main/AndroidManifest.xml:35:17-77
44-->src/main/AndroidManifest.xml:35:27-74
45            </intent-filter>
46        </activity>
47        <activity android:name="com.example.fitgenerator.activities.LoginActivity" />
47-->src/main/AndroidManifest.xml:38:9-61
47-->src/main/AndroidManifest.xml:38:19-59
48        <activity android:name="com.example.fitgenerator.activities.MainActivity" />
48-->src/main/AndroidManifest.xml:39:9-60
48-->src/main/AndroidManifest.xml:39:19-58
49
50        <meta-data
50-->src/main/AndroidManifest.xml:40:9-42:57
51            android:name="preloaded_fonts"
51-->src/main/AndroidManifest.xml:41:13-43
52            android:resource="@array/preloaded_fonts" />
52-->src/main/AndroidManifest.xml:42:13-54
53    </application>
54
55</manifest>